2021-11-05 10:36:27 [background-preinit] INFO  o.h.validator.internal.util.Version - HV000001: Hibernate Validator 6.2.0.Final
2021-11-05 10:36:27 [main] INFO  i.c.m.ins.config.server.ConfigServer - Starting ConfigServer v1.0 using Java 11.0.13 on 388a5c643c22 with PID 1 (/workspace/BOOT-INF/classes started by cnb in /workspace)
2021-11-05 10:36:27 [main] INFO  i.c.m.ins.config.server.ConfigServer - No active profile set, falling back to default profiles: default
2021-11-05 10:36:35 [main] INFO  o.s.cloud.context.scope.GenericScope - BeanFactory id=f501f3ed-1186-3f12-afe5-a1fc266e8de5
2021-11-05 10:36:38 [main] INFO  o.s.b.w.e.tomcat.TomcatWebServer - Tomcat initialized with port(s): 8888 (http)
2021-11-05 10:36:38 [main] INFO  o.a.coyote.http11.Http11NioProtocol - Initializing ProtocolHandler ["http-nio-8888"]
2021-11-05 10:36:38 [main] INFO  o.a.catalina.core.StandardService - Starting service [Tomcat]
2021-11-05 10:36:38 [main] INFO  o.a.catalina.core.StandardEngine - Starting Servlet engine: [Apache Tomcat/9.0.50]
2021-11-05 10:36:38 [main] INFO  o.a.c.c.C.[Tomcat].[localhost].[/] - Initializing Spring embedded WebApplicationContext
2021-11-05 10:36:38 [main] INFO  o.s.b.w.s.c.ServletWebServerApplicationContext - Root WebApplicationContext: initialization completed in 11035 ms
2021-11-05 10:36:54 [main] INFO  o.s.s.web.DefaultSecurityFilterChain - Will secure Ant [pattern='/actuator/**'] with []
2021-11-05 10:36:54 [main] INFO  o.s.s.web.DefaultSecurityFilterChain - Will secure Ant [pattern='/encrypt/**'] with []
2021-11-05 10:36:54 [main] INFO  o.s.s.web.DefaultSecurityFilterChain - Will secure Ant [pattern='/decrypt/**'] with []
2021-11-05 10:36:54 [main] INFO  o.s.s.web.DefaultSecurityFilterChain - Will secure any request with [org.springframework.security.web.context.request.async.WebAsyncManagerIntegrationFilter@2932e15f, org.springframework.security.web.context.SecurityContextPersistenceFilter@4946485c, org.springframework.security.web.header.HeaderWriterFilter@31f1b268, org.springframework.security.web.csrf.CsrfFilter@1c53bd49, org.springframework.security.web.authentication.logout.LogoutFilter@4f7ba0af, org.springframework.security.web.authentication.UsernamePasswordAuthenticationFilter@4449b273, org.springframework.security.web.authentication.ui.DefaultLoginPageGeneratingFilter@275902e1, org.springframework.security.web.authentication.ui.DefaultLogoutPageGeneratingFilter@3d98729a, org.springframework.security.web.authentication.www.BasicAuthenticationFilter@2739ecc0, org.springframework.security.web.savedrequest.RequestCacheAwareFilter@7c682e26, org.springframework.security.web.servletapi.SecurityContextHolderAwareRequestFilter@126254ec, org.springframework.security.web.authentication.AnonymousAuthenticationFilter@2375a976, org.springframework.security.web.session.SessionManagementFilter@2833c093, org.springframework.security.web.access.ExceptionTranslationFilter@2a2798a2, org.springframework.security.web.access.intercept.FilterSecurityInterceptor@2b400bd0]
2021-11-05 10:36:55 [main] INFO  o.s.b.a.e.web.EndpointLinksResolver - Exposing 1 endpoint(s) beneath base path '/actuator'
2021-11-05 10:36:55 [main] INFO  o.a.coyote.http11.Http11NioProtocol - Starting ProtocolHandler ["http-nio-8888"]
2021-11-05 10:36:56 [main] INFO  o.s.b.w.e.tomcat.TomcatWebServer - Tomcat started on port(s): 8888 (http) with context path ''
2021-11-05 10:36:56 [main] INFO  i.c.m.ins.config.server.ConfigServer - Started ConfigServer in 31.052 seconds (JVM running for 32.109)
2021-11-05 10:37:36 [http-nio-8888-exec-1] INFO  o.a.c.c.C.[Tomcat].[localhost].[/] - Initializing Spring DispatcherServlet 'dispatcherServlet'
2021-11-05 10:37:36 [http-nio-8888-exec-1] INFO  o.s.web.servlet.DispatcherServlet - Initializing Servlet 'dispatcherServlet'
2021-11-05 10:37:36 [http-nio-8888-exec-1] INFO  o.s.web.servlet.DispatcherServlet - Completed initialization in 1 ms
2021-11-05 10:37:50 [http-nio-8888-exec-7] INFO  o.s.c.c.s.e.NativeEnvironmentRepository - Adding property source: Config resource 'file [/tmp/config-repo-132476610908995328/config-client-elastic_query.yml]' via location 'file:/tmp/config-repo-132476610908995328/'
2021-11-05 10:37:50 [http-nio-8888-exec-7] INFO  o.s.c.c.s.e.NativeEnvironmentRepository - Adding property source: Config resource 'file [/tmp/config-repo-132476610908995328/config-client.yml]' via location 'file:/tmp/config-repo-132476610908995328/'
2021-11-05 10:37:51 [http-nio-8888-exec-8] INFO  o.s.c.c.s.e.NativeEnvironmentRepository - Adding property source: Config resource 'file [/tmp/config-repo-132476610908995328/config-client-kafka_streams.yml]' via location 'file:/tmp/config-repo-132476610908995328/'
2021-11-05 10:37:51 [http-nio-8888-exec-8] INFO  o.s.c.c.s.e.NativeEnvironmentRepository - Adding property source: Config resource 'file [/tmp/config-repo-132476610908995328/config-client.yml]' via location 'file:/tmp/config-repo-132476610908995328/'
2021-11-05 10:37:53 [http-nio-8888-exec-9] INFO  o.s.c.c.s.e.NativeEnvironmentRepository - Adding property source: Config resource 'file [/tmp/config-repo-132476610908995328/config-client-elastic_query_web.yml]' via location 'file:/tmp/config-repo-132476610908995328/'
2021-11-05 10:37:53 [http-nio-8888-exec-9] INFO  o.s.c.c.s.e.NativeEnvironmentRepository - Adding property source: Config resource 'file [/tmp/config-repo-132476610908995328/config-client.yml]' via location 'file:/tmp/config-repo-132476610908995328/'
2021-11-05 10:37:54 [http-nio-8888-exec-10] INFO  o.s.c.c.s.e.NativeEnvironmentRepository - Adding property source: Config resource 'file [/tmp/config-repo-132476610908995328/config-client-elastic_query.yml]' via location 'file:/tmp/config-repo-132476610908995328/'
2021-11-05 10:37:54 [http-nio-8888-exec-10] INFO  o.s.c.c.s.e.NativeEnvironmentRepository - Adding property source: Config resource 'file [/tmp/config-repo-132476610908995328/config-client.yml]' via location 'file:/tmp/config-repo-132476610908995328/'
2021-11-05 10:37:55 [http-nio-8888-exec-1] INFO  o.s.c.c.s.e.NativeEnvironmentRepository - Adding property source: Config resource 'file [/tmp/config-repo-132476610908995328/config-client-twitter_to_kafka.yml]' via location 'file:/tmp/config-repo-132476610908995328/'
2021-11-05 10:37:55 [http-nio-8888-exec-1] INFO  o.s.c.c.s.e.NativeEnvironmentRepository - Adding property source: Config resource 'file [/tmp/config-repo-132476610908995328/config-client.yml]' via location 'file:/tmp/config-repo-132476610908995328/'
2021-11-05 10:38:13 [http-nio-8888-exec-4] INFO  o.s.c.c.s.e.NativeEnvironmentRepository - Adding property source: Config resource 'file [/tmp/config-repo-132476610908995328/config-client-kafka_elastic.yml]' via location 'file:/tmp/config-repo-132476610908995328/'
2021-11-05 10:38:13 [http-nio-8888-exec-4] INFO  o.s.c.c.s.e.NativeEnvironmentRepository - Adding property source: Config resource 'file [/tmp/config-repo-132476610908995328/config-client.yml]' via location 'file:/tmp/config-repo-132476610908995328/'
2021-11-05 10:53:11 [background-preinit] INFO  o.h.validator.internal.util.Version - HV000001: Hibernate Validator 6.2.0.Final
2021-11-05 10:53:12 [main] INFO  i.c.m.ins.config.server.ConfigServer - Starting ConfigServer v1.0 using Java 11.0.13 on 5a56a4998085 with PID 1 (/workspace/BOOT-INF/classes started by cnb in /workspace)
2021-11-05 10:53:12 [main] INFO  i.c.m.ins.config.server.ConfigServer - No active profile set, falling back to default profiles: default
2021-11-05 10:53:20 [main] INFO  o.s.cloud.context.scope.GenericScope - BeanFactory id=f501f3ed-1186-3f12-afe5-a1fc266e8de5
2021-11-05 10:53:24 [main] INFO  o.s.b.w.e.tomcat.TomcatWebServer - Tomcat initialized with port(s): 8888 (http)
2021-11-05 10:53:24 [main] INFO  o.a.coyote.http11.Http11NioProtocol - Initializing ProtocolHandler ["http-nio-8888"]
2021-11-05 10:53:24 [main] INFO  o.a.catalina.core.StandardService - Starting service [Tomcat]
2021-11-05 10:53:24 [main] INFO  o.a.catalina.core.StandardEngine - Starting Servlet engine: [Apache Tomcat/9.0.50]
2021-11-05 10:53:24 [main] INFO  o.a.c.c.C.[Tomcat].[localhost].[/] - Initializing Spring embedded WebApplicationContext
2021-11-05 10:53:24 [main] INFO  o.s.b.w.s.c.ServletWebServerApplicationContext - Root WebApplicationContext: initialization completed in 12329 ms
2021-11-05 10:53:38 [main] INFO  o.s.s.web.DefaultSecurityFilterChain - Will secure Ant [pattern='/actuator/**'] with []
2021-11-05 10:53:38 [main] INFO  o.s.s.web.DefaultSecurityFilterChain - Will secure Ant [pattern='/encrypt/**'] with []
2021-11-05 10:53:38 [main] INFO  o.s.s.web.DefaultSecurityFilterChain - Will secure Ant [pattern='/decrypt/**'] with []
2021-11-05 10:53:38 [main] INFO  o.s.s.web.DefaultSecurityFilterChain - Will secure any request with [org.springframework.security.web.context.request.async.WebAsyncManagerIntegrationFilter@36cf16a6, org.springframework.security.web.context.SecurityContextPersistenceFilter@57927bc9, org.springframework.security.web.header.HeaderWriterFilter@2adc1e84, org.springframework.security.web.csrf.CsrfFilter@2a2798a2, org.springframework.security.web.authentication.logout.LogoutFilter@e3c36d, org.springframework.security.web.authentication.UsernamePasswordAuthenticationFilter@506b083, org.springframework.security.web.authentication.ui.DefaultLoginPageGeneratingFilter@799fb45e, org.springframework.security.web.authentication.ui.DefaultLogoutPageGeneratingFilter@3dd750ba, org.springframework.security.web.authentication.www.BasicAuthenticationFilter@27b490de, org.springframework.security.web.savedrequest.RequestCacheAwareFilter@32dbca45, org.springframework.security.web.servletapi.SecurityContextHolderAwareRequestFilter@10cb050, org.springframework.security.web.authentication.AnonymousAuthenticationFilter@7eefaca0, org.springframework.security.web.session.SessionManagementFilter@45b8bbbf, org.springframework.security.web.access.ExceptionTranslationFilter@275902e1, org.springframework.security.web.access.intercept.FilterSecurityInterceptor@3d98729a]
2021-11-05 10:53:39 [main] INFO  o.s.b.a.e.web.EndpointLinksResolver - Exposing 1 endpoint(s) beneath base path '/actuator'
2021-11-05 10:53:39 [main] INFO  o.a.coyote.http11.Http11NioProtocol - Starting ProtocolHandler ["http-nio-8888"]
2021-11-05 10:53:39 [main] INFO  o.s.b.w.e.tomcat.TomcatWebServer - Tomcat started on port(s): 8888 (http) with context path ''
2021-11-05 10:53:39 [main] INFO  i.c.m.ins.config.server.ConfigServer - Started ConfigServer in 30.552 seconds (JVM running for 31.877)
2021-11-05 10:54:25 [http-nio-8888-exec-1] INFO  o.a.c.c.C.[Tomcat].[localhost].[/] - Initializing Spring DispatcherServlet 'dispatcherServlet'
2021-11-05 10:54:25 [http-nio-8888-exec-1] INFO  o.s.web.servlet.DispatcherServlet - Initializing Servlet 'dispatcherServlet'
2021-11-05 10:54:25 [http-nio-8888-exec-1] INFO  o.s.web.servlet.DispatcherServlet - Completed initialization in 1 ms
2021-11-05 10:54:28 [http-nio-8888-exec-3] INFO  o.s.c.c.s.e.NativeEnvironmentRepository - Adding property source: Config resource 'file [/tmp/config-repo-6925825897181024815/config-client-elastic_query.yml]' via location 'file:/tmp/config-repo-6925825897181024815/'
2021-11-05 10:54:28 [http-nio-8888-exec-3] INFO  o.s.c.c.s.e.NativeEnvironmentRepository - Adding property source: Config resource 'file [/tmp/config-repo-6925825897181024815/config-client.yml]' via location 'file:/tmp/config-repo-6925825897181024815/'
2021-11-05 10:54:34 [http-nio-8888-exec-6] INFO  o.s.c.c.s.e.NativeEnvironmentRepository - Adding property source: Config resource 'file [/tmp/config-repo-6925825897181024815/config-client-elastic_query_web.yml]' via location 'file:/tmp/config-repo-6925825897181024815/'
2021-11-05 10:54:34 [http-nio-8888-exec-6] INFO  o.s.c.c.s.e.NativeEnvironmentRepository - Adding property source: Config resource 'file [/tmp/config-repo-6925825897181024815/config-client.yml]' via location 'file:/tmp/config-repo-6925825897181024815/'
2021-11-05 10:54:38 [http-nio-8888-exec-9] INFO  o.s.c.c.s.e.NativeEnvironmentRepository - Adding property source: Config resource 'file [/tmp/config-repo-6925825897181024815/config-client-kafka_streams.yml]' via location 'file:/tmp/config-repo-6925825897181024815/'
2021-11-05 10:54:38 [http-nio-8888-exec-9] INFO  o.s.c.c.s.e.NativeEnvironmentRepository - Adding property source: Config resource 'file [/tmp/config-repo-6925825897181024815/config-client.yml]' via location 'file:/tmp/config-repo-6925825897181024815/'
2021-11-05 10:54:42 [http-nio-8888-exec-10] INFO  o.s.c.c.s.e.NativeEnvironmentRepository - Adding property source: Config resource 'file [/tmp/config-repo-6925825897181024815/config-client-twitter_to_kafka.yml]' via location 'file:/tmp/config-repo-6925825897181024815/'
2021-11-05 10:54:42 [http-nio-8888-exec-10] INFO  o.s.c.c.s.e.NativeEnvironmentRepository - Adding property source: Config resource 'file [/tmp/config-repo-6925825897181024815/config-client.yml]' via location 'file:/tmp/config-repo-6925825897181024815/'
2021-11-05 10:54:42 [http-nio-8888-exec-2] INFO  o.s.c.c.s.e.NativeEnvironmentRepository - Adding property source: Config resource 'file [/tmp/config-repo-6925825897181024815/config-client-elastic_query.yml]' via location 'file:/tmp/config-repo-6925825897181024815/'
2021-11-05 10:54:42 [http-nio-8888-exec-2] INFO  o.s.c.c.s.e.NativeEnvironmentRepository - Adding property source: Config resource 'file [/tmp/config-repo-6925825897181024815/config-client.yml]' via location 'file:/tmp/config-repo-6925825897181024815/'
2021-11-05 10:54:57 [http-nio-8888-exec-4] INFO  o.s.c.c.s.e.NativeEnvironmentRepository - Adding property source: Config resource 'file [/tmp/config-repo-6925825897181024815/config-client-kafka_elastic.yml]' via location 'file:/tmp/config-repo-6925825897181024815/'
2021-11-05 10:54:57 [http-nio-8888-exec-4] INFO  o.s.c.c.s.e.NativeEnvironmentRepository - Adding property source: Config resource 'file [/tmp/config-repo-6925825897181024815/config-client.yml]' via location 'file:/tmp/config-repo-6925825897181024815/'
